# turn 1
# turn 2
o 26 28 nnnnnn
# turn 3
o 20 28 nnwwww
# turn 4
o 18 24 wwwwww
# turn 5
o 18 18 s
# turn 6
o 19 18 s
# turn 7
o 20 18 s
# turn 8
o 21 18 s
# turn 9
o 22 18 s
# turn 10
o 23 31 nnnnnw
# turn 11
o 18 30 wwwwww
# turn 12
o 18 24 swwwww
# turn 13
o 19 19 a1
# turn 14
o 19 19 nw
# turn 15
# turn 16
o 23 31 nnnnnw
# turn 17
o 18 30 wwwwww
# turn 18
o 18 24 wwwwww
# turn 19
o 18 18 s
# turn 20
# turn 21
# turn 22
# turn 23
# turn 24
# turn 25
# turn 26
# turn 27
# turn 28
# turn 29
# turn 30
o 23 18 nnwwww
# turn 31
o 21 14 a0
# turn 32
o 21 14 nnneee
# turn 33
o 18 17 e
# turn 34
o 18 18 e
# turn 35
o 18 19 s
# turn 36
o 19 19 s
# turn 37
# turn 38
# turn 39
# turn 40
o 19 18 a1
# turn 41
o 19 18 n
# turn 42
o 18 18 s
# turn 43
o 19 18 s
# turn 44
o 20 18 s
# turn 45
o 21 18 s
# turn 46
o 22 18 s
# turn 47
o 23 18 e
# turn 48
o 23 19 e
# turn 49
o 23 20 e
# turn 50
o 23 21 e
# turn 51
o 23 22 e
# turn 52
o 23 23 e
# turn 53
o 23 24 e
# turn 54
o 23 25 e
# turn 55
# turn 56
# turn 57
o 20 19 nnw
# turn 58
o 18 18 s
# turn 59
o 19 18 s
# turn 60
o 20 18 s
# turn 61
o 21 18 w
# turn 62
o 21 17 a0
# turn 63
o 21 17 nnne
# turn 64
# turn 65
o 26 28 nnnnnn
# turn 66
o 20 28 nnwwww
# turn 67
o 18 24 wwwwww
# turn 68
o 18 18 s
# turn 69
# turn 70
# turn 71
# turn 72
# turn 73
# turn 74
# turn 75
o 23 26 nnnnww
# turn 76
o 19 24 swwwww
# turn 77
o 20 19 swwwww
# turn 78
o 21 14 a1
# turn 79
o 21 14 nnneee
# turn 80
o 18 17 e
# turn 81
o 18 18 e
# turn 82
o 18 19 s
# turn 83
o 19 19 s
# turn 84
o 20 19 s
# turn 85
o 21 19 s
# turn 86
# turn 87
# turn 88
# turn 89
o 19 18 a0
# turn 90
o 19 18 n
# turn 91
o 18 18 s
# turn 92
o 19 18 s
# turn 93
o 20 18 s
# turn 94
o 21 18 s
# turn 95
o 22 18 s
# turn 96
o 23 18 s
# turn 97
o 24 18 s
# turn 98
o 25 18 s
# turn 99
o 26 18 e
# turn 100
o 26 19 e
# turn 101
# turn 102
# turn 103
# turn 104
# turn 105
# turn 106
o 22 19 nnnwww
# turn 107
o 19 16 s
# turn 108
o 20 16 s
# turn 109
o 21 16 a1
# turn 110
o 21 16 nnnee
# turn 111
# turn 112
o 23 31 nnnnnw
# turn 113
o 18 30 wwwwww
# turn 114
o 18 24 wwwwww
# turn 115
o 18 18 s
# turn 116
o 19 18 s
# turn 117
o 20 18 s
# turn 118
o 21 18 s
# turn 119
o 22 18 s
# turn 120
o 23 18 e
# turn 121
o 23 19 e
# turn 122
o 23 20 e
# turn 123
o 23 21 e
# turn 124
o 23 22 e
# turn 125
o 23 23 e
# turn 126
o 23 24 e
# turn 127
o 23 25 e
# turn 128
o 23 26 e
# turn 129
o 23 27 e
# turn 130
o 23 28 e
# turn 131
o 23 29 e
# turn 132
o 23 30 e
